Using pre-set license
Built from '2021.3/staging' branch; Version is '2021.3.23f1 (213b516bf396) revision 2177873'; Using compiler version '192829333'; Build Type 'Release'
OS: 'Windows 10  (10.0.19045) 64bit Professional' Language: 'fr' Physical Memory: 32158 MB
BatchMode: 1, IsHumanControllingUs: 0, StartBugReporterOnCrash: 0, Is64bit: 1, IsPro: 1

COMMAND LINE ARGUMENTS:
C:\Program Files\Unity\Hub\Editor\2021.3.23f1\Editor\Unity.exe
-adb2
-batchMode
-noUpm
-name
AssetImportWorker0
-projectPath
C:/Users/Killian/Documents/GitHub/Mod_By_KAJIN4/PFA_Groupe3_2023/PFA_2D
-logFile
Logs/AssetImportWorker0.log
-srvPort
60965
Successfully changed project path to: C:/Users/Killian/Documents/GitHub/Mod_By_KAJIN4/PFA_Groupe3_2023/PFA_2D
C:/Users/Killian/Documents/GitHub/Mod_By_KAJIN4/PFA_Groupe3_2023/PFA_2D
[UnityMemory] Configuration Parameters - Can be set up in boot.config
    "memorysetup-bucket-allocator-granularity=16"
    "memorysetup-bucket-allocator-bucket-count=8"
    "memorysetup-bucket-allocator-block-size=33554432"
    "memorysetup-bucket-allocator-block-count=8"
    "memorysetup-main-allocator-block-size=16777216"
    "memorysetup-thread-allocator-block-size=16777216"
    "memorysetup-gfx-main-allocator-block-size=16777216"
    "memorysetup-gfx-thread-allocator-block-size=16777216"
    "memorysetup-cache-allocator-block-size=4194304"
    "memorysetup-typetree-allocator-block-size=2097152"
    "memorysetup-profiler-bucket-allocator-granularity=16"
    "memorysetup-profiler-bucket-allocator-bucket-count=8"
    "memorysetup-profiler-bucket-allocator-block-size=33554432"
    "memorysetup-profiler-bucket-allocator-block-count=8"
    "memorysetup-profiler-allocator-block-size=16777216"
    "memorysetup-profiler-editor-allocator-block-size=1048576"
    "memorysetup-temp-allocator-size-main=16777216"
    "memorysetup-job-temp-allocator-block-size=2097152"
    "memorysetup-job-temp-allocator-block-size-background=1048576"
    "memorysetup-job-temp-allocator-reduction-small-platforms=262144"
    "memorysetup-temp-allocator-size-background-worker=32768"
    "memorysetup-temp-allocator-size-job-worker=262144"
    "memorysetup-temp-allocator-size-preload-manager=33554432"
    "memorysetup-temp-allocator-size-nav-mesh-worker=65536"
    "memorysetup-temp-allocator-size-audio-worker=65536"
    "memorysetup-temp-allocator-size-cloud-worker=32768"
    "memorysetup-temp-allocator-size-gi-baking-worker=262144"
    "memorysetup-temp-allocator-size-gfx=262144"
Player connection [19488] Host "[IP] 192.168.56.1 [Port] 0 [Flags] 2 [Guid] 528910768 [EditorId] 528910768 [Version] 1048832 [Id] WindowsEditor(7,DESKTOP-JPKCNNH) [Debug] 1 [PackageName] WindowsEditor [ProjectName] Editor" joined multi-casting on [225.0.0.222:54997]...

Player connection [19488] Host "[IP] 192.168.56.1 [Port] 0 [Flags] 2 [Guid] 528910768 [EditorId] 528910768 [Version] 1048832 [Id] WindowsEditor(7,DESKTOP-JPKCNNH) [Debug] 1 [PackageName] WindowsEditor [ProjectName] Editor" joined alternative multi-casting on [225.0.0.222:34997]...

Refreshing native plugins compatible for Editor in 55.40 ms, found 3 plugins.
Preloading 0 native plugins for Editor in 0.00 ms.
Initialize engine version: 2021.3.23f1 (213b516bf396)
[Subsystems] Discovering subsystems at path C:/Program Files/Unity/Hub/Editor/2021.3.23f1/Editor/Data/Resources/UnitySubsystems
[Subsystems] Discovering subsystems at path C:/Users/Killian/Documents/GitHub/Mod_By_KAJIN4/PFA_Groupe3_2023/PFA_2D/Assets
GfxDevice: creating device client; threaded=0; jobified=0
Direct3D:
    Version:  Direct3D 11.0 [level 11.1]
    Renderer: NVIDIA GeForce RTX 3050 Laptop GPU (ID=0x25a5)
    Vendor:   NVIDIA
    VRAM:     3977 MB
    Driver:   31.0.15.2824
Initialize mono
Mono path[0] = 'C:/Program Files/Unity/Hub/Editor/2021.3.23f1/Editor/Data/Managed'
Mono path[1] = 'C:/Program Files/Unity/Hub/Editor/2021.3.23f1/Editor/Data/MonoBleedingEdge/lib/mono/unityjit-win32'
Mono config path = 'C:/Program Files/Unity/Hub/Editor/2021.3.23f1/Editor/Data/MonoBleedingEdge/etc'
Using monoOptions --debugger-agent=transport=dt_socket,embedding=1,server=y,suspend=n,address=127.0.0.1:56220
Begin MonoManager ReloadAssembly
Registering precompiled unity dll's ...
Register platform support module: C:/Program Files/Unity/Hub/Editor/2021.3.23f1/Editor/Data/PlaybackEngines/WebGLSupport/UnityEditor.WebGL.Extensions.dll
Register platform support module: C:/Program Files/Unity/Hub/Editor/2021.3.23f1/Editor/Data/PlaybackEngines/MacStandaloneSupport/UnityEditor.OSXStandalone.Extensions.dll
Register platform support module: C:/Program Files/Unity/Hub/Editor/2021.3.23f1/Editor/Data/PlaybackEngines/AndroidPlayer/UnityEditor.Android.Extensions.dll
Register platform support module: C:/Program Files/Unity/Hub/Editor/2021.3.23f1/Editor/Data/PlaybackEngines/iOSSupport/UnityEditor.iOS.Extensions.dll
Register platform support module: C:/Program Files/Unity/Hub/Editor/2021.3.23f1/Editor/Data/PlaybackEngines/AppleTVSupport/UnityEditor.AppleTV.Extensions.dll
Register platform support module: C:/Program Files/Unity/Hub/Editor/2021.3.23f1/Editor/Data/PlaybackEngines/WindowsStandaloneSupport/UnityEditor.WindowsStandalone.Extensions.dll
Register platform support module: C:/Program Files/Unity/Hub/Editor/2021.3.23f1/Editor/Data/PlaybackEngines/LinuxStandaloneSupport/UnityEditor.LinuxStandalone.Extensions.dll
Register platform support module: C:/Program Files/Unity/Hub/Editor/2021.3.23f1/Editor/Data/PlaybackEngines/MetroSupport/UnityEditor.UWP.Extensions.dll
Registered in 0.013720 seconds.
Native extension for UWP target not found
Native extension for LinuxStandalone target not found
Native extension for WindowsStandalone target not found
[usbmuxd] Start listen thread
[usbmuxd] Listen thread started
Native extension for AppleTV target not found
[usbmuxd] Start listen thread
[usbmuxd] Listen thread started
Native extension for iOS target not found
Native extension for Android target not found
Android Extension - Scanning For ADB Devices 256 ms
Native extension for OSXStandalone target not found
Native extension for WebGL target not found
Refreshing native plugins compatible for Editor in 54.90 ms, found 3 plugins.
Preloading 0 native plugins for Editor in 0.00 ms.
Mono: successfully reloaded assembly
- Completed reload, in  0.843 seconds
Domain Reload Profiling:
	ReloadAssembly (843ms)
		BeginReloadAssembly (75ms)
			ExecutionOrderSort (0ms)
			DisableScriptedObjects (0ms)
			BackupInstance (0ms)
			ReleaseScriptingObjects (0ms)
			CreateAndSetChildDomain (1ms)
		EndReloadAssembly (673ms)
			LoadAssemblies (75ms)
			RebuildTransferFunctionScriptingTraits (0ms)
			SetupTypeCache (89ms)
			ReleaseScriptCaches (0ms)
			RebuildScriptCaches (21ms)
			SetupLoadedEditorAssemblies (516ms)
				LogAssemblyErrors (0ms)
				InitializePlatformSupportModulesInManaged (347ms)
				SetLoadedEditorAssemblies (0ms)
				RefreshPlugins (55ms)
				BeforeProcessingInitializeOnLoad (1ms)
				ProcessInitializeOnLoadAttributes (75ms)
				ProcessInitializeOnLoadMethodAttributes (37ms)
				AfterProcessingInitializeOnLoad (0ms)
				EditorAssembliesLoaded (0ms)
			ExecutionOrderSort2 (0ms)
			AwakeInstancesAfterBackupRestoration (0ms)
Platform modules already initialized, skipping
Registering precompiled user dll's ...
Registered in 0.005055 seconds.
Begin MonoManager ReloadAssembly
Symbol file LoadedFromMemory doesn't match image C:\Users\Killian\Documents\GitHub\Mod_By_KAJIN4\PFA_Groupe3_2023\PFA_2D\Library\PackageCache\com.unity.visualscripting@1.8.0\Editor\VisualScripting.Core\Dependencies\YamlDotNet\Unity.VisualScripting.YamlDotNet.dll
Symbol file LoadedFromMemory doesn't match image C:\Users\Killian\Documents\GitHub\Mod_By_KAJIN4\PFA_Groupe3_2023\PFA_2D\Library\PackageCache\com.unity.visualscripting@1.8.0\Editor\VisualScripting.Core\Dependencies\DotNetZip\Unity.VisualScripting.IonicZip.dll
Native extension for UWP target not found
Native extension for LinuxStandalone target not found
Native extension for WindowsStandalone target not found
Native extension for AppleTV target not found
Native extension for iOS target not found
Native extension for Android target not found
Native extension for OSXStandalone target not found
Native extension for WebGL target not found
Refreshing native plugins compatible for Editor in 0.46 ms, found 3 plugins.
Preloading 0 native plugins for Editor in 0.00 ms.
Mono: successfully reloaded assembly
- Completed reload, in  0.870 seconds
Domain Reload Profiling:
	ReloadAssembly (871ms)
		BeginReloadAssembly (108ms)
			ExecutionOrderSort (0ms)
			DisableScriptedObjects (5ms)
			BackupInstance (0ms)
			ReleaseScriptingObjects (0ms)
			CreateAndSetChildDomain (20ms)
		EndReloadAssembly (670ms)
			LoadAssemblies (81ms)
			RebuildTransferFunctionScriptingTraits (0ms)
			SetupTypeCache (178ms)
			ReleaseScriptCaches (0ms)
			RebuildScriptCaches (50ms)
			SetupLoadedEditorAssemblies (322ms)
				LogAssemblyErrors (0ms)
				InitializePlatformSupportModulesInManaged (34ms)
				SetLoadedEditorAssemblies (0ms)
				RefreshPlugins (1ms)
				BeforeProcessingInitializeOnLoad (62ms)
				ProcessInitializeOnLoadAttributes (196ms)
				ProcessInitializeOnLoadMethodAttributes (19ms)
				AfterProcessingInitializeOnLoad (10ms)
				EditorAssembliesLoaded (0ms)
			ExecutionOrderSort2 (0ms)
			AwakeInstancesAfterBackupRestoration (5ms)
Platform modules already initialized, skipping
========================================================================
Worker process is ready to serve import requests
Launched and connected shader compiler UnityShaderCompiler.exe after 0.04 seconds
Refreshing native plugins compatible for Editor in 0.60 ms, found 3 plugins.
Preloading 0 native plugins for Editor in 0.00 ms.
Unloading 2921 Unused Serialized files (Serialized files now loaded: 0)
Unloading 21 unused Assets / (56.1 KB). Loaded Objects now: 3387.
Memory consumption went from 103.0 MB to 102.9 MB.
Total: 2.853300 ms (FindLiveObjects: 0.220500 ms CreateObjectMapping: 0.150500 ms MarkObjects: 2.416300 ms  DeleteObjects: 0.065300 ms)

AssetImportParameters requested are different than current active one (requested -> active):
  custom:video-decoder-ogg-theora: a1e56fd34408186e4bbccfd4996cb3dc -> 
  custom:container-muxer-webm: aa71ff27fc2769a1b78a27578f13a17b -> 
  custom:container-demuxer-webm: 4f35f7cbe854078d1ac9338744f61a02 -> 
  custom:video-encoder-webm-vp8: eb34c28f22e8b96e1ab97ce403110664 -> 
  custom:audio-encoder-webm-vorbis: bf7c407c2cedff20999df2af8eb42d56 -> 
  custom:framework-win-MediaFoundation: 216162199b28c13a410421893ffa2e32 -> 
  custom:container-demuxer-ogg: 62fdf1f143b41e24485cea50d1cbac27 -> 
  custom:video-decoder-webm-vp8: 9c59270c3fd7afecdb556c50c9e8de78 -> 
  custom:audio-decoder-ogg-vorbis: bf7c407c2cedff20999df2af8eb42d56 -> 
========================================================================
Received Import Request.
  Time since last request: 270900.944284 seconds.
  path: Assets/Scenes/New Folder
  artifactKey: Guid(d3a8885843694514986979ba74a298e2) Importer(815301076,1909f56bfc062723c751e8b465ee728b)
Start importing Assets/Scenes/New Folder using Guid(d3a8885843694514986979ba74a298e2) Importer(815301076,1909f56bfc062723c751e8b465ee728b)  -> (artifact id: '8781026452c6d58ae411f40dbd5d584e') in 0.011259 seconds 
========================================================================
Received Import Request.
  Time since last request: 158.005273 seconds.
  path: Assets/Scenes/OKµ.mat
  artifactKey: Guid(160bffbb877d1004d8ea9a7134db9394) Importer(815301076,1909f56bfc062723c751e8b465ee728b)
Start importing Assets/Scenes/OKµ.mat using Guid(160bffbb877d1004d8ea9a7134db9394) Importer(815301076,1909f56bfc062723c751e8b465ee728b)  -> (artifact id: 'bbb9dce258dd6d6cd0a44f9b8b4a89b5') in 0.275178 seconds 
========================================================================
Received Import Request.
  Time since last request: 5.978034 seconds.
  path: Assets/Scenes/OK.mat
  artifactKey: Guid(160bffbb877d1004d8ea9a7134db9394) Importer(815301076,1909f56bfc062723c751e8b465ee728b)
Start importing Assets/Scenes/OK.mat using Guid(160bffbb877d1004d8ea9a7134db9394) Importer(815301076,1909f56bfc062723c751e8b465ee728b)  -> (artifact id: '5b1331ea8b83ffc92bac3bb357328f31') in 0.013377 seconds 
========================================================================
Received Import Request.
  Time since last request: 199.346234 seconds.
  path: Assets/Scenes/New SceneTemplate.scenetemplate
  artifactKey: Guid(9d821a2d73bef6646b3ea8c484c62c71) Importer(815301076,1909f56bfc062723c751e8b465ee728b)
Start importing Assets/Scenes/New SceneTemplate.scenetemplate using Guid(9d821a2d73bef6646b3ea8c484c62c71) Importer(815301076,1909f56bfc062723c751e8b465ee728b)  -> (artifact id: '9087ed0ef027cc1accba1823f1eebf4d') in 0.014535 seconds 
========================================================================
Received Import Request.
  Time since last request: 75.937924 seconds.
  path: Assets/Scenes/MecaTestFight 1.unity
  artifactKey: Guid(6a2b2cf854bd101499ec1874b4cc1d0c) Importer(815301076,1909f56bfc062723c751e8b465ee728b)
Start importing Assets/Scenes/MecaTestFight 1.unity using Guid(6a2b2cf854bd101499ec1874b4cc1d0c) Importer(815301076,1909f56bfc062723c751e8b465ee728b)  -> (artifact id: '42cccaa5bb062ae1ac9fa942d348f0dd') in 0.006826 seconds 
========================================================================
Received Import Request.
  Time since last request: 42.490831 seconds.
  path: Assets/Scenes/Entrainement2D.unity
  artifactKey: Guid(6a2b2cf854bd101499ec1874b4cc1d0c) Importer(815301076,1909f56bfc062723c751e8b465ee728b)
Start importing Assets/Scenes/Entrainement2D.unity using Guid(6a2b2cf854bd101499ec1874b4cc1d0c) Importer(815301076,1909f56bfc062723c751e8b465ee728b)  -> (artifact id: '66334ff41a775940c46b8b71f80dfb2c') in 0.007102 seconds 
========================================================================
Received Import Request.
  Time since last request: 2.636476 seconds.
  path: Assets/Scenes/MecaTestFight 1.unity
  artifactKey: Guid(4a1ed0272684dbd44aa0dbfc119dfe7e) Importer(815301076,1909f56bfc062723c751e8b465ee728b)
Start importing Assets/Scenes/MecaTestFight 1.unity using Guid(4a1ed0272684dbd44aa0dbfc119dfe7e) Importer(815301076,1909f56bfc062723c751e8b465ee728b)  -> (artifact id: '831cd9ca045b7ab8c2956309f3896110') in 0.002157 seconds 
========================================================================
Received Import Request.
  Time since last request: 29.707274 seconds.
  path: Assets/Scenes/Fight.unity
  artifactKey: Guid(4a1ed0272684dbd44aa0dbfc119dfe7e) Importer(815301076,1909f56bfc062723c751e8b465ee728b)
Start importing Assets/Scenes/Fight.unity using Guid(4a1ed0272684dbd44aa0dbfc119dfe7e) Importer(815301076,1909f56bfc062723c751e8b465ee728b)  -> (artifact id: 'c18bd18b71c3d1bf70e1ac4a9920cebf') in 0.006319 seconds 
========================================================================
Received Import Request.
  Time since last request: 42.557497 seconds.
  path: Assets/Scenes/Fight.unity
  artifactKey: Guid(4a1ed0272684dbd44aa0dbfc119dfe7e) Importer(815301076,1909f56bfc062723c751e8b465ee728b)
Start importing Assets/Scenes/Fight.unity using Guid(4a1ed0272684dbd44aa0dbfc119dfe7e) Importer(815301076,1909f56bfc062723c751e8b465ee728b)  -> (artifact id: 'f16912b53c27e0a64fc6ff42975a3a51') in 0.002311 seconds 
========================================================================
Received Import Request.
  Time since last request: 0.753839 seconds.
  path: Assets/Scenes/Entrainement2D.unity
  artifactKey: Guid(6a2b2cf854bd101499ec1874b4cc1d0c) Importer(815301076,1909f56bfc062723c751e8b465ee728b)
Start importing Assets/Scenes/Entrainement2D.unity using Guid(6a2b2cf854bd101499ec1874b4cc1d0c) Importer(815301076,1909f56bfc062723c751e8b465ee728b)  -> (artifact id: 'b71153c9db9b047d6deea7ce0bc4fa69') in 0.002279 seconds 
